  matlib.cpp
c:\users\anthony\desktop\p3\551-tyrrella-p2\matlib.cpp(75): warning C4244: 'argument': conversion from 'double' to 'float', possible loss of data
c:\users\anthony\desktop\p3\551-tyrrella-p2\matlib.cpp(76): warning C4244: 'argument': conversion from 'double' to 'float', possible loss of data
c:\users\anthony\desktop\p3\551-tyrrella-p2\matlib.cpp(99): warning C4244: '=': conversion from 'double' to 'int', possible loss of data
c:\users\anthony\desktop\p3\551-tyrrella-p2\matlib.cpp(100): warning C4244: '=': conversion from 'double' to 'int', possible loss of data
c:\users\anthony\desktop\p3\551-tyrrella-p2\matlib.cpp(101): warning C4244: '=': conversion from 'double' to 'int', possible loss of data
c:\users\anthony\desktop\p3\551-tyrrella-p2\matlib.cpp(299): warning C4390: ';': empty controlled statement found; is this the intent?
c:\users\anthony\desktop\p3\551-tyrrella-p2\matlib.cpp(355): warning C4244: 'argument': conversion from 'double' to 'float', possible loss of data
c:\users\anthony\desktop\p3\551-tyrrella-p2\matlib.cpp(362): warning C4244: 'argument': conversion from 'double' to 'float', possible loss of data
c:\users\anthony\desktop\p3\551-tyrrella-p2\matlib.cpp(373): warning C4244: 'argument': conversion from 'double' to 'float', possible loss of data
c:\users\anthony\desktop\p3\551-tyrrella-p2\matlib.cpp(379): warning C4244: 'argument': conversion from 'double' to 'float', possible loss of data
c:\users\anthony\desktop\p3\551-tyrrella-p2\matlib.cpp(388): warning C4244: 'argument': conversion from 'double' to 'float', possible loss of data
c:\users\anthony\desktop\p3\551-tyrrella-p2\matlib.cpp(402): warning C4244: 'argument': conversion from 'double' to 'float', possible loss of data
c:\users\anthony\desktop\p3\551-tyrrella-p2\matlib.cpp(403): warning C4244: 'argument': conversion from 'double' to 'float', possible loss of data
c:\users\anthony\desktop\p3\551-tyrrella-p2\matlib.cpp(404): warning C4244: 'argument': conversion from 'double' to 'float', possible loss of data
  Generating Code...
  Compiling...
  ObjLoader.cpp
c:\users\anthony\desktop\p3\551-tyrrella-p2\objloader.cpp(157): warning C4244: '=': conversion from 'double' to 'float', possible loss of data
c:\users\anthony\desktop\p3\551-tyrrella-p2\objloader.cpp(158): warning C4244: '=': conversion from 'double' to 'float', possible loss of data
c:\users\anthony\desktop\p3\551-tyrrella-p2\objloader.cpp(159): warning C4244: '=': conversion from 'double' to 'float', possible loss of data
c:\users\anthony\desktop\p3\551-tyrrella-p2\objloader.cpp(168): warning C4267: 'initializing': conversion from 'size_t' to 'int', possible loss of data
c:\users\anthony\desktop\p3\551-tyrrella-p2\objloader.cpp(185): warning C4244: '=': conversion from 'double' to 'float', possible loss of data
c:\users\anthony\desktop\p3\551-tyrrella-p2\objloader.cpp(186): warning C4244: '=': conversion from 'double' to 'float', possible loss of data
c:\users\anthony\desktop\p3\551-tyrrella-p2\objloader.cpp(187): warning C4244: '=': conversion from 'double' to 'float', possible loss of data
c:\users\anthony\desktop\p3\551-tyrrella-p2\objloader.cpp(191): warning C4244: '=': conversion from 'double' to 'float', possible loss of data
c:\users\anthony\desktop\p3\551-tyrrella-p2\objloader.cpp(192): warning C4244: '=': conversion from 'double' to 'float', possible loss of data
c:\users\anthony\desktop\p3\551-tyrrella-p2\objloader.cpp(193): warning C4244: '=': conversion from 'double' to 'float', possible loss of data
c:\users\anthony\desktop\p3\551-tyrrella-p2\objloader.cpp(264): warning C4244: '=': conversion from 'double' to 'float', possible loss of data
c:\users\anthony\desktop\p3\551-tyrrella-p2\objloader.cpp(265): warning C4244: '=': conversion from 'double' to 'float', possible loss of data
c:\users\anthony\desktop\p3\551-tyrrella-p2\objloader.cpp(266): warning C4244: '=': conversion from 'double' to 'float', possible loss of data
c:\users\anthony\desktop\p3\551-tyrrella-p2\objloader.cpp(273): warning C4244: '=': conversion from 'double' to 'float', possible loss of data
c:\users\anthony\desktop\p3\551-tyrrella-p2\objloader.cpp(274): warning C4244: '=': conversion from 'double' to 'float', possible loss of data
c:\users\anthony\desktop\p3\551-tyrrella-p2\objloader.cpp(281): warning C4244: '=': conversion from 'double' to 'float', possible loss of data
c:\users\anthony\desktop\p3\551-tyrrella-p2\objloader.cpp(282): warning C4244: '=': conversion from 'double' to 'float', possible loss of data
c:\users\anthony\desktop\p3\551-tyrrella-p2\objloader.cpp(283): warning C4244: '=': conversion from 'double' to 'float', possible loss of data
c:\users\anthony\desktop\p3\551-tyrrella-p2\objloader.cpp(294): warning C4267: '=': conversion from 'size_t' to 'int', possible loss of data
c:\users\anthony\desktop\p3\551-tyrrella-p2\objloader.cpp(304): warning C4267: '=': conversion from 'size_t' to 'int', possible loss of data
c:\users\anthony\desktop\p3\551-tyrrella-p2\objloader.cpp(309): warning C4267: '=': conversion from 'size_t' to 'int', possible loss of data
c:\users\anthony\desktop\p3\551-tyrrella-p2\objloader.cpp(315): warning C4267: '=': conversion from 'size_t' to 'int', possible loss of data
c:\users\anthony\desktop\p3\551-tyrrella-p2\objloader.cpp(324): warning C4267: '=': conversion from 'size_t' to 'int', possible loss of data
c:\users\anthony\desktop\p3\551-tyrrella-p2\objloader.cpp(329): warning C4267: '=': conversion from 'size_t' to 'int', possible loss of data
c:\users\anthony\desktop\p3\551-tyrrella-p2\objloader.cpp(335): warning C4267: '=': conversion from 'size_t' to 'int', possible loss of data
c:\users\anthony\desktop\p3\551-tyrrella-p2\objloader.cpp(344): warning C4267: '=': conversion from 'size_t' to 'int', possible loss of data
c:\users\anthony\desktop\p3\551-tyrrella-p2\objloader.cpp(349): warning C4267: '=': conversion from 'size_t' to 'int', possible loss of data
  Generating Code...
  project2.vcxproj -> C:\Users\Anthony\Desktop\P3\551-tyrrella-p2\project2\x64\Debug\project2.exe
