c:\users\tony.tyrrell\source\repos\z-buffer\project2\project2\x64\debug\vc140.pdb
c:\users\tony.tyrrell\source\repos\z-buffer\project2\project2\x64\debug\vc140.idb
c:\users\tony.tyrrell\source\repos\z-buffer\project2\project2\x64\debug\draw.obj
c:\users\tony.tyrrell\source\repos\z-buffer\project2\project2\x64\debug\lines.obj
c:\users\tony.tyrrell\source\repos\z-buffer\project2\project2\x64\debug\mat4.obj
c:\users\tony.tyrrell\source\repos\z-buffer\project2\project2\x64\debug\matlib.obj
c:\users\tony.tyrrell\source\repos\z-buffer\project2\project2\x64\debug\objloader.obj
c:\users\tony.tyrrell\source\repos\z-buffer\project2\project2\x64\debug\osuvector.obj
c:\users\tony.tyrrell\source\repos\z-buffer\project2\project2\x64\debug\simpletests.obj
c:\users\tony.tyrrell\source\repos\z-buffer\project2\project2\x64\debug\vec3.obj
c:\users\tony.tyrrell\source\repos\z-buffer\project2\project2\x64\debug\osugraphics.obj
c:\users\tony.tyrrell\source\repos\z-buffer\project2\x64\debug\project2.pdb
c:\users\tony.tyrrell\source\repos\z-buffer\project2\project2\x64\debug\project2.tlog\cl.command.1.tlog
c:\users\tony.tyrrell\source\repos\z-buffer\project2\project2\x64\debug\project2.tlog\cl.read.1.tlog
c:\users\tony.tyrrell\source\repos\z-buffer\project2\project2\x64\debug\project2.tlog\cl.write.1.tlog
c:\users\tony.tyrrell\source\repos\z-buffer\project2\project2\x64\debug\project2.tlog\link-cvtres.read.1.tlog
c:\users\tony.tyrrell\source\repos\z-buffer\project2\project2\x64\debug\project2.tlog\link-cvtres.write.1.tlog
c:\users\tony.tyrrell\source\repos\z-buffer\project2\project2\x64\debug\project2.tlog\link-rc.read.1.tlog
c:\users\tony.tyrrell\source\repos\z-buffer\project2\project2\x64\debug\project2.tlog\link-rc.write.1.tlog
c:\users\tony.tyrrell\source\repos\z-buffer\project2\project2\x64\debug\project2.tlog\link.command.1.tlog
c:\users\tony.tyrrell\source\repos\z-buffer\project2\project2\x64\debug\project2.tlog\link.read.1.tlog
c:\users\tony.tyrrell\source\repos\z-buffer\project2\project2\x64\debug\project2.tlog\link.write.1.tlog
